<?xml version="1.0" encoding="UTF-8"?>
<!-- Generated by org.testng.reporters.JUnitXMLReporter -->
<testsuite ignored="0" hostname="5CG0168KFY" failures="0" tests="4" name="Test" time="140.307" errors="0" timestamp="2024-02-02T11:50:49 IST">
  <testcase classname="testCases.TC_001_Searching_UpcommingBikes" name="searchUpcommingBikes" time="7.281"/>
  <testcase classname="testCases.TC_002_Search_Honda" name="search_Honda" time="40.895"/>
  <testcase classname="testCases.TC_003_UsedCars" name="usedCars" time="41.201"/>
  <testcase classname="testCases.TC_004_Login" name="login" time="6.035"/>
</testsuite> <!-- Test -->
