<?xml version="1.0" encoding="UTF-8"?>
<testng-results ignored="0" total="4" passed="4" failed="0" skipped="0">
  <reporter-output>
  </reporter-output>
  <suite started-at="2024-02-02T11:48:27 IST" name="Suite" finished-at="2024-02-02T11:50:47 IST" duration-ms="140307">
    <groups>
      <group name="regression">
        <method signature="TC_001_Searching_UpcommingBikes.searchUpcommingBikes()[pri:1, instance:testCases.TC_004_Login@742ff096]" name="searchUpcommingBikes" class="testCases.TC_001_Searching_UpcommingBikes"/>
        <method signature="TC_002_Search_Honda.search_Honda()[pri:2, instance:testCases.TC_004_Login@742ff096]" name="search_Honda" class="testCases.TC_002_Search_Honda"/>
        <method signature="TC_003_UsedCars.usedCars()[pri:3, instance:testCases.TC_004_Login@742ff096]" name="usedCars" class="testCases.TC_003_UsedCars"/>
      </group> <!-- regression -->
      <group name="sanity">
        <method signature="TC_004_Login.login()[pri:4, instance:testCases.TC_004_Login@742ff096]" name="login" class="testCases.TC_004_Login"/>
      </group> <!-- sanity -->
      <group name="masters">
        <method signature="TC_001_Searching_UpcommingBikes.searchUpcommingBikes()[pri:1, instance:testCases.TC_004_Login@742ff096]" name="searchUpcommingBikes" class="testCases.TC_001_Searching_UpcommingBikes"/>
        <method signature="TC_002_Search_Honda.search_Honda()[pri:2, instance:testCases.TC_004_Login@742ff096]" name="search_Honda" class="testCases.TC_002_Search_Honda"/>
        <method signature="TC_003_UsedCars.usedCars()[pri:3, instance:testCases.TC_004_Login@742ff096]" name="usedCars" class="testCases.TC_003_UsedCars"/>
        <method signature="TC_004_Login.login()[pri:4, instance:testCases.TC_004_Login@742ff096]" name="login" class="testCases.TC_004_Login"/>
      </group> <!-- masters -->
    </groups>
    <test started-at="2024-02-02T11:48:27 IST" name="Test" finished-at="2024-02-02T11:50:47 IST" duration-ms="140307">
      <class name="testCases.TC_004_Login">
        <test-method is-config="true" signature="setup(java.lang.String,java.lang.String)[pri:0, instance:testCases.TC_004_Login@742ff096]" started-at="2024-02-02T11:48:27 IST" name="setup" finished-at="2024-02-02T11:49:09 IST" duration-ms="41808" status="PASS">
          <params>
            <param index="0">
              <value>
                <![CDATA[Windows]]>
              </value>
            </param>
            <param index="1">
              <value>
                <![CDATA[chrome]]>
              </value>
            </param>
          </params>
          <reporter-output>
          </reporter-output>
        </test-method> <!-- setup -->
        <test-method signature="searchUpcommingBikes()[pri:1, instance:testCases.TC_004_Login@742ff096]" started-at="2024-02-02T11:49:09 IST" name="searchUpcommingBikes" finished-at="2024-02-02T11:49:16 IST" duration-ms="7281" status="PASS">
          <reporter-output>
          </reporter-output>
        </test-method> <!-- searchUpcommingBikes -->
        <test-method signature="search_Honda()[pri:2, instance:testCases.TC_004_Login@742ff096]" started-at="2024-02-02T11:49:17 IST" name="search_Honda" finished-at="2024-02-02T11:49:58 IST" duration-ms="40895" status="PASS">
          <reporter-output>
          </reporter-output>
        </test-method> <!-- search_Honda -->
        <test-method signature="usedCars()[pri:3, instance:testCases.TC_004_Login@742ff096]" started-at="2024-02-02T11:49:58 IST" name="usedCars" finished-at="2024-02-02T11:50:39 IST" duration-ms="41201" status="PASS">
          <reporter-output>
          </reporter-output>
        </test-method> <!-- usedCars -->
        <test-method signature="login()[pri:4, instance:testCases.TC_004_Login@742ff096]" started-at="2024-02-02T11:50:39 IST" name="login" finished-at="2024-02-02T11:50:45 IST" duration-ms="6035" status="PASS">
          <reporter-output>
          </reporter-output>
        </test-method> <!-- login -->
        <test-method is-config="true" signature="tearDown()[pri:0, instance:testCases.TC_004_Login@742ff096]" started-at="2024-02-02T11:50:46 IST" name="tearDown" finished-at="2024-02-02T11:50:47 IST" duration-ms="1310" status="PASS">
          <reporter-output>
          </reporter-output>
        </test-method> <!-- tearDown -->
      </class> <!-- testCases.TC_004_Login -->
    </test> <!-- Test -->
  </suite> <!-- Suite -->
</testng-results>
